<?xml version="1.0" encoding="UTF-8"?>
<robot generator="Robot 3.1.2 (Python 3.7.5 on linux)" generated="20200301 11:38:22.972" rpa="false">
<suite id="s1" name="Tests" source="/home/fabiano/PycharmProjects/robotframework/tests">
<suite id="s1-s1" name="TestEcommerce" source="/home/fabiano/PycharmProjects/robotframework/tests/TestEcommerce.robot">
<kw name="Abrir navegador" library="Resource" type="setup">
<kw name="Open Browser" library="SeleniumLibrary">
<doc>Opens a new browser instance to the optional ``url``.</doc>
<arguments>
<arg>about:blank</arg>
<arg>${BROWSER}</arg>
</arguments>
<msg timestamp="20200301 11:38:23.107" level="INFO">Opening browser 'chrome' to base url 'about:blank'.</msg>
<status status="PASS" starttime="20200301 11:38:23.107" endtime="20200301 11:38:24.680"></status>
</kw>
<status status="PASS" starttime="20200301 11:38:23.106" endtime="20200301 11:38:24.680"></status>
</kw>
<test id="s1-s1-t1" name="Caso de Teste 01: Pesquisar produto existente">
<kw name="Acessar página home do site" library="Resource">
<kw name="Go To" library="SeleniumLibrary">
<doc>Navigates the current browser window to the provided ``url``.</doc>
<arguments>
<arg>${URL}</arg>
</arguments>
<msg timestamp="20200301 11:38:24.681" level="INFO">Opening url 'http://automationpractice.com'</msg>
<status status="PASS" starttime="20200301 11:38:24.681" endtime="20200301 11:38:29.690"></status>
</kw>
<kw name="Title Should Be" library="SeleniumLibrary">
<doc>Verifies that the current page title equals ``title``.</doc>
<arguments>
<arg>My Store</arg>
</arguments>
<msg timestamp="20200301 11:38:29.698" level="INFO">Page title is 'My Store'.</msg>
<status status="PASS" starttime="20200301 11:38:29.690" endtime="20200301 11:38:29.698"></status>
</kw>
<status status="PASS" starttime="20200301 11:38:24.681" endtime="20200301 11:38:29.698"></status>
</kw>
<kw name="Digitar o nome do produto &quot;Blouse&quot; no campo de pesquisar" library="Resource">
<kw name="Input Text" library="SeleniumLibrary">
<doc>Types the given ``text`` into the text field identified by ``locator``.</doc>
<arguments>
<arg>id=search_query_top</arg>
<arg>${PRODUTO}</arg>
</arguments>
<msg timestamp="20200301 11:38:29.702" level="INFO">Typing text 'Blouse' into text field 'id=search_query_top'.</msg>
<status status="PASS" starttime="20200301 11:38:29.699" endtime="20200301 11:38:29.815"></status>
</kw>
<status status="PASS" starttime="20200301 11:38:29.699" endtime="20200301 11:38:29.815"></status>
</kw>
<kw name="Clicar no botão &quot;submit_search&quot;" library="Resource">
<kw name="Click Element" library="SeleniumLibrary">
<doc>Click the element identified by ``locator``.</doc>
<arguments>
<arg>name=${NAME}</arg>
</arguments>
<msg timestamp="20200301 11:38:29.816" level="INFO">Clicking element 'name=submit_search'.</msg>
<status status="PASS" starttime="20200301 11:38:29.816" endtime="20200301 11:38:30.599"></status>
</kw>
<status status="PASS" starttime="20200301 11:38:29.815" endtime="20200301 11:38:30.600"></status>
</kw>
<kw name="Conferir se o produto &quot;Blouse&quot; foi listado no site" library="Resource">
<kw name="Wait Until Element Is Visible" library="SeleniumLibrary">
<doc>Waits until the element ``locator`` is visible.</doc>
<arguments>
<arg>css=#center_column &gt; h1</arg>
</arguments>
<status status="PASS" starttime="20200301 11:38:30.603" endtime="20200301 11:38:31.057"></status>
</kw>
<kw name="Title Should Be" library="SeleniumLibrary">
<doc>Verifies that the current page title equals ``title``.</doc>
<arguments>
<arg>Search - My Store</arg>
</arguments>
<msg timestamp="20200301 11:38:31.065" level="INFO">Page title is 'Search - My Store'.</msg>
<status status="PASS" starttime="20200301 11:38:31.058" endtime="20200301 11:38:31.065"></status>
</kw>
<kw name="Page Should Contain Link" library="SeleniumLibrary">
<doc>Verifies link identified by ``locator`` is found from current page.</doc>
<arguments>
<arg>xpath=//*[@id="center_column"]//a[@class="product-name"][contains(text(),"${PRODUTO}")]</arg>
</arguments>
<msg timestamp="20200301 11:38:31.085" level="INFO">Current page contains link 'xpath=//*[@id="center_column"]//a[@class="product-name"][contains(text(),"Blouse")]'.</msg>
<status status="PASS" starttime="20200301 11:38:31.065" endtime="20200301 11:38:31.085"></status>
</kw>
<status status="PASS" starttime="20200301 11:38:30.601" endtime="20200301 11:38:31.086"></status>
</kw>
<tags>
<tag>search_prd</tag>
</tags>
<status status="PASS" starttime="20200301 11:38:24.680" endtime="20200301 11:38:31.086" critical="yes"></status>
</test>
<test id="s1-s1-t2" name="Caso de Teste 02: Pesquisar produto não existente">
<kw name="Acessar página home do site" library="Resource">
<kw name="Go To" library="SeleniumLibrary">
<doc>Navigates the current browser window to the provided ``url``.</doc>
<arguments>
<arg>${URL}</arg>
</arguments>
<msg timestamp="20200301 11:38:31.088" level="INFO">Opening url 'http://automationpractice.com'</msg>
<status status="PASS" starttime="20200301 11:38:31.087" endtime="20200301 11:38:32.651"></status>
</kw>
<kw name="Title Should Be" library="SeleniumLibrary">
<doc>Verifies that the current page title equals ``title``.</doc>
<arguments>
<arg>My Store</arg>
</arguments>
<msg timestamp="20200301 11:38:32.689" level="INFO">Page title is 'My Store'.</msg>
<status status="PASS" starttime="20200301 11:38:32.651" endtime="20200301 11:38:32.689"></status>
</kw>
<status status="PASS" starttime="20200301 11:38:31.087" endtime="20200301 11:38:32.689"></status>
</kw>
<kw name="Digitar o nome do produto &quot;Produto não existe&quot; no campo de pesquisar" library="Resource">
<kw name="Input Text" library="SeleniumLibrary">
<doc>Types the given ``text`` into the text field identified by ``locator``.</doc>
<arguments>
<arg>id=search_query_top</arg>
<arg>${PRODUTO}</arg>
</arguments>
<msg timestamp="20200301 11:38:32.690" level="INFO">Typing text 'Produto não existe' into text field 'id=search_query_top'.</msg>
<status status="PASS" starttime="20200301 11:38:32.690" endtime="20200301 11:38:32.869"></status>
</kw>
<status status="PASS" starttime="20200301 11:38:32.689" endtime="20200301 11:38:32.870"></status>
</kw>
<kw name="Clicar no botão &quot;submit_search&quot;" library="Resource">
<kw name="Click Element" library="SeleniumLibrary">
<doc>Click the element identified by ``locator``.</doc>
<arguments>
<arg>name=${NAME}</arg>
</arguments>
<msg timestamp="20200301 11:38:32.870" level="INFO">Clicking element 'name=submit_search'.</msg>
<status status="PASS" starttime="20200301 11:38:32.870" endtime="20200301 11:38:34.058"></status>
</kw>
<status status="PASS" starttime="20200301 11:38:32.870" endtime="20200301 11:38:34.058"></status>
</kw>
<kw name="Conferir mensagem de erro &quot;No results were found for your search &quot;Produto não existe&quot;&quot;" library="Resource">
<kw name="Wait Until Element Is Visible" library="SeleniumLibrary">
<doc>Waits until the element ``locator`` is visible.</doc>
<arguments>
<arg>xpath=//*[@id="center_column"]/p[@class='alert alert-warning']</arg>
</arguments>
<status status="PASS" starttime="20200301 11:38:34.059" endtime="20200301 11:38:34.091"></status>
</kw>
<kw name="Element Text Should Be" library="SeleniumLibrary">
<doc>Verifies that element ``locator`` contains exact the text ``expected``.</doc>
<arguments>
<arg>xpath=//*[@id="center_column"]/p[@class='alert alert-warning']</arg>
<arg>${MENSAGEM_ALERTA}</arg>
</arguments>
<msg timestamp="20200301 11:38:34.092" level="INFO">Verifying element 'xpath=//*[@id="center_column"]/p[@class='alert alert-warning']' contains exact text 'No results were found for your search "Produto não existe"'.</msg>
<status status="PASS" starttime="20200301 11:38:34.092" endtime="20200301 11:38:34.116"></status>
</kw>
<kw name="Element Text Should Be" library="SeleniumLibrary">
<doc>Verifies that element ``locator`` contains exact the text ``expected``.</doc>
<arguments>
<arg>xpath=//*[@id="center_column"]/h1/span</arg>
<arg>0 results have been found.</arg>
</arguments>
<msg timestamp="20200301 11:38:34.116" level="INFO">Verifying element 'xpath=//*[@id="center_column"]/h1/span' contains exact text '0 results have been found.'.</msg>
<status status="PASS" starttime="20200301 11:38:34.116" endtime="20200301 11:38:34.143"></status>
</kw>
<status status="PASS" starttime="20200301 11:38:34.059" endtime="20200301 11:38:34.143"></status>
</kw>
<tags>
<tag>prd_not_exit</tag>
</tags>
<status status="PASS" starttime="20200301 11:38:31.086" endtime="20200301 11:38:34.144" critical="yes"></status>
</test>
<kw name="Fechar navegador" library="Resource" type="teardown">
<kw name="Close Browser" library="SeleniumLibrary">
<doc>Closes the current browser.</doc>
<status status="PASS" starttime="20200301 11:38:34.144" endtime="20200301 11:38:34.213"></status>
</kw>
<status status="PASS" starttime="20200301 11:38:34.144" endtime="20200301 11:38:34.213"></status>
</kw>
<status status="PASS" starttime="20200301 11:38:22.995" endtime="20200301 11:38:34.213"></status>
</suite>
<suite id="s1-s2" name="TestEcommerceBDD" source="/home/fabiano/PycharmProjects/robotframework/tests/TestEcommerceBDD.robot">
<kw name="Abrir navegador" library="Resource" type="setup">
<kw name="Open Browser" library="SeleniumLibrary">
<doc>Opens a new browser instance to the optional ``url``.</doc>
<arguments>
<arg>about:blank</arg>
<arg>${BROWSER}</arg>
</arguments>
<msg timestamp="20200301 11:38:34.223" level="INFO">Opening browser 'chrome' to base url 'about:blank'.</msg>
<status status="PASS" starttime="20200301 11:38:34.222" endtime="20200301 11:38:35.801"></status>
</kw>
<status status="PASS" starttime="20200301 11:38:34.222" endtime="20200301 11:38:35.802"></status>
</kw>
<test id="s1-s2-t1" name="Cenario 01: Pesquisar produto existente">
<kw name="Dado que estou na página home do site">
<kw name="Acessar página home do site" library="Resource">
<kw name="Go To" library="SeleniumLibrary">
<doc>Navigates the current browser window to the provided ``url``.</doc>
<arguments>
<arg>${URL}</arg>
</arguments>
<msg timestamp="20200301 11:38:35.811" level="INFO">Opening url 'http://automationpractice.com'</msg>
<status status="PASS" starttime="20200301 11:38:35.810" endtime="20200301 11:38:40.534"></status>
</kw>
<kw name="Title Should Be" library="SeleniumLibrary">
<doc>Verifies that the current page title equals ``title``.</doc>
<arguments>
<arg>My Store</arg>
</arguments>
<msg timestamp="20200301 11:38:40.544" level="INFO">Page title is 'My Store'.</msg>
<status status="PASS" starttime="20200301 11:38:40.534" endtime="20200301 11:38:40.545"></status>
</kw>
<status status="PASS" starttime="20200301 11:38:35.809" endtime="20200301 11:38:40.545"></status>
</kw>
<status status="PASS" starttime="20200301 11:38:35.804" endtime="20200301 11:38:40.545"></status>
</kw>
<kw name="Quando eu pesquisar pelo produto &quot;Blouse&quot;">
<kw name="Digitar o nome do produto &quot;${PRODUTO}&quot; no campo de pesquisar" library="Resource">
<kw name="Input Text" library="SeleniumLibrary">
<doc>Types the given ``text`` into the text field identified by ``locator``.</doc>
<arguments>
<arg>id=search_query_top</arg>
<arg>${PRODUTO}</arg>
</arguments>
<msg timestamp="20200301 11:38:40.547" level="INFO">Typing text 'Blouse' into text field 'id=search_query_top'.</msg>
<status status="PASS" starttime="20200301 11:38:40.546" endtime="20200301 11:38:40.667"></status>
</kw>
<status status="PASS" starttime="20200301 11:38:40.546" endtime="20200301 11:38:40.667"></status>
</kw>
<kw name="Clicar no botão &quot;submit_search&quot;" library="Resource">
<kw name="Click Element" library="SeleniumLibrary">
<doc>Click the element identified by ``locator``.</doc>
<arguments>
<arg>name=${NAME}</arg>
</arguments>
<msg timestamp="20200301 11:38:40.668" level="INFO">Clicking element 'name=submit_search'.</msg>
<status status="PASS" starttime="20200301 11:38:40.668" endtime="20200301 11:38:41.644"></status>
</kw>
<status status="PASS" starttime="20200301 11:38:40.668" endtime="20200301 11:38:41.644"></status>
</kw>
<status status="PASS" starttime="20200301 11:38:40.546" endtime="20200301 11:38:41.645"></status>
</kw>
<kw name="Então o produto &quot;Blouse&quot; deve ser listado na página de resultado da busca">
<kw name="Conferir se o produto &quot;${PRODUTO}&quot; foi listado no site" library="Resource">
<kw name="Wait Until Element Is Visible" library="SeleniumLibrary">
<doc>Waits until the element ``locator`` is visible.</doc>
<arguments>
<arg>css=#center_column &gt; h1</arg>
</arguments>
<status status="PASS" starttime="20200301 11:38:41.647" endtime="20200301 11:38:41.850"></status>
</kw>
<kw name="Title Should Be" library="SeleniumLibrary">
<doc>Verifies that the current page title equals ``title``.</doc>
<arguments>
<arg>Search - My Store</arg>
</arguments>
<msg timestamp="20200301 11:38:41.854" level="INFO">Page title is 'Search - My Store'.</msg>
<status status="PASS" starttime="20200301 11:38:41.850" endtime="20200301 11:38:41.854"></status>
</kw>
<kw name="Page Should Contain Link" library="SeleniumLibrary">
<doc>Verifies link identified by ``locator`` is found from current page.</doc>
<arguments>
<arg>xpath=//*[@id="center_column"]//a[@class="product-name"][contains(text(),"${PRODUTO}")]</arg>
</arguments>
<msg timestamp="20200301 11:38:41.876" level="INFO">Current page contains link 'xpath=//*[@id="center_column"]//a[@class="product-name"][contains(text(),"Blouse")]'.</msg>
<status status="PASS" starttime="20200301 11:38:41.855" endtime="20200301 11:38:41.876"></status>
</kw>
<status status="PASS" starttime="20200301 11:38:41.646" endtime="20200301 11:38:41.877"></status>
</kw>
<status status="PASS" starttime="20200301 11:38:41.645" endtime="20200301 11:38:41.877"></status>
</kw>
<status status="PASS" starttime="20200301 11:38:35.803" endtime="20200301 11:38:41.877" critical="yes"></status>
</test>
<test id="s1-s2-t2" name="Cenário 02: Pesquisar produto não existente">
<kw name="Dado que estou na página home do site">
<kw name="Acessar página home do site" library="Resource">
<kw name="Go To" library="SeleniumLibrary">
<doc>Navigates the current browser window to the provided ``url``.</doc>
<arguments>
<arg>${URL}</arg>
</arguments>
<msg timestamp="20200301 11:38:41.881" level="INFO">Opening url 'http://automationpractice.com'</msg>
<status status="PASS" starttime="20200301 11:38:41.881" endtime="20200301 11:38:43.391"></status>
</kw>
<kw name="Title Should Be" library="SeleniumLibrary">
<doc>Verifies that the current page title equals ``title``.</doc>
<arguments>
<arg>My Store</arg>
</arguments>
<msg timestamp="20200301 11:38:43.425" level="INFO">Page title is 'My Store'.</msg>
<status status="PASS" starttime="20200301 11:38:43.391" endtime="20200301 11:38:43.425"></status>
</kw>
<status status="PASS" starttime="20200301 11:38:41.881" endtime="20200301 11:38:43.425"></status>
</kw>
<status status="PASS" starttime="20200301 11:38:41.880" endtime="20200301 11:38:43.425"></status>
</kw>
<kw name="Quando eu pesquisar pelo produto &quot;Produto não existe&quot;">
<kw name="Digitar o nome do produto &quot;${PRODUTO}&quot; no campo de pesquisar" library="Resource">
<kw name="Input Text" library="SeleniumLibrary">
<doc>Types the given ``text`` into the text field identified by ``locator``.</doc>
<arguments>
<arg>id=search_query_top</arg>
<arg>${PRODUTO}</arg>
</arguments>
<msg timestamp="20200301 11:38:43.426" level="INFO">Typing text 'Produto não existe' into text field 'id=search_query_top'.</msg>
<status status="PASS" starttime="20200301 11:38:43.426" endtime="20200301 11:38:43.577"></status>
</kw>
<status status="PASS" starttime="20200301 11:38:43.425" endtime="20200301 11:38:43.577"></status>
</kw>
<kw name="Clicar no botão &quot;submit_search&quot;" library="Resource">
<kw name="Click Element" library="SeleniumLibrary">
<doc>Click the element identified by ``locator``.</doc>
<arguments>
<arg>name=${NAME}</arg>
</arguments>
<msg timestamp="20200301 11:38:43.578" level="INFO">Clicking element 'name=submit_search'.</msg>
<status status="PASS" starttime="20200301 11:38:43.578" endtime="20200301 11:38:44.584"></status>
</kw>
<status status="PASS" starttime="20200301 11:38:43.577" endtime="20200301 11:38:44.584"></status>
</kw>
<status status="PASS" starttime="20200301 11:38:43.425" endtime="20200301 11:38:44.584"></status>
</kw>
<kw name="Então a página deve exibir a mensagem &quot;No results were found for your search &quot;Produto não existe&quot;&quot;">
<kw name="Conferir mensagem de erro &quot;${MENSAGEM_ALERTA}&quot;" library="Resource">
<kw name="Wait Until Element Is Visible" library="SeleniumLibrary">
<doc>Waits until the element ``locator`` is visible.</doc>
<arguments>
<arg>xpath=//*[@id="center_column"]/p[@class='alert alert-warning']</arg>
</arguments>
<status status="PASS" starttime="20200301 11:38:44.587" endtime="20200301 11:38:44.639"></status>
</kw>
<kw name="Element Text Should Be" library="SeleniumLibrary">
<doc>Verifies that element ``locator`` contains exact the text ``expected``.</doc>
<arguments>
<arg>xpath=//*[@id="center_column"]/p[@class='alert alert-warning']</arg>
<arg>${MENSAGEM_ALERTA}</arg>
</arguments>
<msg timestamp="20200301 11:38:44.640" level="INFO">Verifying element 'xpath=//*[@id="center_column"]/p[@class='alert alert-warning']' contains exact text 'No results were found for your search "Produto não existe"'.</msg>
<status status="PASS" starttime="20200301 11:38:44.640" endtime="20200301 11:38:44.663"></status>
</kw>
<kw name="Element Text Should Be" library="SeleniumLibrary">
<doc>Verifies that element ``locator`` contains exact the text ``expected``.</doc>
<arguments>
<arg>xpath=//*[@id="center_column"]/h1/span</arg>
<arg>0 results have been found.</arg>
</arguments>
<msg timestamp="20200301 11:38:44.663" level="INFO">Verifying element 'xpath=//*[@id="center_column"]/h1/span' contains exact text '0 results have been found.'.</msg>
<status status="PASS" starttime="20200301 11:38:44.663" endtime="20200301 11:38:44.695"></status>
</kw>
<status status="PASS" starttime="20200301 11:38:44.585" endtime="20200301 11:38:44.695"></status>
</kw>
<status status="PASS" starttime="20200301 11:38:44.584" endtime="20200301 11:38:44.695"></status>
</kw>
<status status="PASS" starttime="20200301 11:38:41.879" endtime="20200301 11:38:44.695" critical="yes"></status>
</test>
<test id="s1-s2-t3" name="Cenário 03: Listar Produtos">
<kw name="Dado que estou na página home do site">
<kw name="Acessar página home do site" library="Resource">
<kw name="Go To" library="SeleniumLibrary">
<doc>Navigates the current browser window to the provided ``url``.</doc>
<arguments>
<arg>${URL}</arg>
</arguments>
<msg timestamp="20200301 11:38:44.696" level="INFO">Opening url 'http://automationpractice.com'</msg>
<status status="PASS" starttime="20200301 11:38:44.696" endtime="20200301 11:38:46.903"></status>
</kw>
<kw name="Title Should Be" library="SeleniumLibrary">
<doc>Verifies that the current page title equals ``title``.</doc>
<arguments>
<arg>My Store</arg>
</arguments>
<msg timestamp="20200301 11:38:46.934" level="INFO">Page title is 'My Store'.</msg>
<status status="PASS" starttime="20200301 11:38:46.903" endtime="20200301 11:38:46.934"></status>
</kw>
<status status="PASS" starttime="20200301 11:38:44.696" endtime="20200301 11:38:46.934"></status>
</kw>
<status status="PASS" starttime="20200301 11:38:44.696" endtime="20200301 11:38:46.934"></status>
</kw>
<kw name="Quando passar o mouse na categoria &quot;WOMEN&quot;" library="Resource">
<kw name="Wait Until Element Is Visible" library="SeleniumLibrary">
<doc>Waits until the element ``locator`` is visible.</doc>
<arguments>
<arg>xpath=//*[@id="block_top_menu"]/ul//a[contains(text(),"Women")]</arg>
</arguments>
<status status="PASS" starttime="20200301 11:38:46.935" endtime="20200301 11:38:46.969"></status>
</kw>
<kw name="Set Focus To Element" library="SeleniumLibrary">
<doc>Sets the focus to the element identified by ``locator``.</doc>
<arguments>
<arg>xpath=//*[@id="block_top_menu"]/ul//a[contains(text(),"Women")]</arg>
</arguments>
<status status="PASS" starttime="20200301 11:38:46.969" endtime="20200301 11:38:46.991"></status>
</kw>
<kw name="Element Text Should Be" library="SeleniumLibrary">
<doc>Verifies that element ``locator`` contains exact the text ``expected``.</doc>
<arguments>
<arg>xpath=//*[@id="block_top_menu"]/ul//a[contains(text(),"Women")]</arg>
<arg>${CATEGORIA}</arg>
</arguments>
<msg timestamp="20200301 11:38:46.991" level="INFO">Verifying element 'xpath=//*[@id="block_top_menu"]/ul//a[contains(text(),"Women")]' contains exact text 'WOMEN'.</msg>
<status status="PASS" starttime="20200301 11:38:46.991" endtime="20200301 11:38:47.023"></status>
</kw>
<status status="PASS" starttime="20200301 11:38:46.935" endtime="20200301 11:38:47.023"></status>
</kw>
<kw name="Então as sub categorias devem ser exibidas" library="Resource">
<kw name="Wait Until Element Is Visible" library="SeleniumLibrary">
<doc>Waits until the element ``locator`` is visible.</doc>
<arguments>
<arg>xpath=//*[@id="block_top_menu"]/ul//a[contains(text(),"Women")]</arg>
</arguments>
<status status="PASS" starttime="20200301 11:38:47.024" endtime="20200301 11:38:47.055"></status>
</kw>
<kw name="Element Should Be Visible" library="SeleniumLibrary">
<doc>Verifies that the element identified by ``locator`` is visible.</doc>
<arguments>
<arg>xpath=//*[@id="block_top_menu"]/ul/li[1]/ul//a[contains(text(), "Tops")]</arg>
</arguments>
<msg timestamp="20200301 11:38:47.087" level="INFO">Element 'xpath=//*[@id="block_top_menu"]/ul/li[1]/ul//a[contains(text(), "Tops")]' is displayed.</msg>
<status status="PASS" starttime="20200301 11:38:47.055" endtime="20200301 11:38:47.087"></status>
</kw>
<status status="PASS" starttime="20200301 11:38:47.023" endtime="20200301 11:38:47.088"></status>
</kw>
<kw name="Quando clicar na sub categoria &quot;Summer Dresses&quot;" library="Resource">
<kw name="Wait Until Element Is Visible" library="SeleniumLibrary">
<doc>Waits until the element ``locator`` is visible.</doc>
<arguments>
<arg>xpath=//*[@id="block_top_menu"]/ul/li[1]/ul//a[contains(text(), "Tops")]</arg>
</arguments>
<status status="PASS" starttime="20200301 11:38:47.089" endtime="20200301 11:38:47.150"></status>
</kw>
<kw name="Click Link" library="SeleniumLibrary">
<doc>Clicks a link identified by ``locator``.</doc>
<arguments>
<arg>xpath=//*[@id="block_top_menu"]/ul/li[1]/ul/li[2]/ul/li[3]/a[contains(text(),"${SUB_CATEGORIA}")]</arg>
</arguments>
<msg timestamp="20200301 11:38:47.151" level="INFO">Clicking link 'xpath=//*[@id="block_top_menu"]/ul/li[1]/ul/li[2]/ul/li[3]/a[contains(text(),"Summer Dresses")]'.</msg>
<status status="PASS" starttime="20200301 11:38:47.151" endtime="20200301 11:38:50.018"></status>
</kw>
<status status="PASS" starttime="20200301 11:38:47.088" endtime="20200301 11:38:50.019"></status>
</kw>
<kw name="Então uma página com os produtos da sub categoria &quot;Summer Dresses&quot; deve ser exibida" library="Resource">
<kw name="Element Text Should Be" library="SeleniumLibrary">
<doc>Verifies that element ``locator`` contains exact the text ``expected``.</doc>
<arguments>
<arg>class=category-name</arg>
<arg>Summer Dresses</arg>
</arguments>
<msg timestamp="20200301 11:38:50.020" level="INFO">Verifying element 'class=category-name' contains exact text 'Summer Dresses'.</msg>
<status status="PASS" starttime="20200301 11:38:50.020" endtime="20200301 11:38:50.063"></status>
</kw>
<status status="PASS" starttime="20200301 11:38:50.019" endtime="20200301 11:38:50.063"></status>
</kw>
<status status="PASS" starttime="20200301 11:38:44.695" endtime="20200301 11:38:50.064" critical="yes"></status>
</test>
<test id="s1-s2-t4" name="Cenário 04: Adicionar Produtos no Carrinho">
<kw name="Dado que estou na página home do site">
<kw name="Acessar página home do site" library="Resource">
<kw name="Go To" library="SeleniumLibrary">
<doc>Navigates the current browser window to the provided ``url``.</doc>
<arguments>
<arg>${URL}</arg>
</arguments>
<msg timestamp="20200301 11:38:50.065" level="INFO">Opening url 'http://automationpractice.com'</msg>
<status status="PASS" starttime="20200301 11:38:50.065" endtime="20200301 11:38:52.299"></status>
</kw>
<kw name="Title Should Be" library="SeleniumLibrary">
<doc>Verifies that the current page title equals ``title``.</doc>
<arguments>
<arg>My Store</arg>
</arguments>
<msg timestamp="20200301 11:38:52.335" level="INFO">Page title is 'My Store'.</msg>
<status status="PASS" starttime="20200301 11:38:52.299" endtime="20200301 11:38:52.336"></status>
</kw>
<status status="PASS" starttime="20200301 11:38:50.065" endtime="20200301 11:38:52.336"></status>
</kw>
<status status="PASS" starttime="20200301 11:38:50.064" endtime="20200301 11:38:52.336"></status>
</kw>
<kw name="Quando eu pesquisar pelo produto &quot;t-shirt&quot;">
<kw name="Digitar o nome do produto &quot;${PRODUTO}&quot; no campo de pesquisar" library="Resource">
<kw name="Input Text" library="SeleniumLibrary">
<doc>Types the given ``text`` into the text field identified by ``locator``.</doc>
<arguments>
<arg>id=search_query_top</arg>
<arg>${PRODUTO}</arg>
</arguments>
<msg timestamp="20200301 11:38:52.337" level="INFO">Typing text 't-shirt' into text field 'id=search_query_top'.</msg>
<status status="PASS" starttime="20200301 11:38:52.337" endtime="20200301 11:38:52.458"></status>
</kw>
<status status="PASS" starttime="20200301 11:38:52.336" endtime="20200301 11:38:52.458"></status>
</kw>
<kw name="Clicar no botão &quot;submit_search&quot;" library="Resource">
<kw name="Click Element" library="SeleniumLibrary">
<doc>Click the element identified by ``locator``.</doc>
<arguments>
<arg>name=${NAME}</arg>
</arguments>
<msg timestamp="20200301 11:38:52.458" level="INFO">Clicking element 'name=submit_search'.</msg>
<status status="PASS" starttime="20200301 11:38:52.458" endtime="20200301 11:38:53.939"></status>
</kw>
<status status="PASS" starttime="20200301 11:38:52.458" endtime="20200301 11:38:53.939"></status>
</kw>
<status status="PASS" starttime="20200301 11:38:52.336" endtime="20200301 11:38:53.939"></status>
</kw>
<kw name="Então o produto &quot;Faded Short Sleeve T-shirts&quot; deve ser listado na página de resultado da busca">
<kw name="Conferir se o produto &quot;${PRODUTO}&quot; foi listado no site" library="Resource">
<kw name="Wait Until Element Is Visible" library="SeleniumLibrary">
<doc>Waits until the element ``locator`` is visible.</doc>
<arguments>
<arg>css=#center_column &gt; h1</arg>
</arguments>
<status status="PASS" starttime="20200301 11:38:53.940" endtime="20200301 11:38:53.975"></status>
</kw>
<kw name="Title Should Be" library="SeleniumLibrary">
<doc>Verifies that the current page title equals ``title``.</doc>
<arguments>
<arg>Search - My Store</arg>
</arguments>
<msg timestamp="20200301 11:38:53.979" level="INFO">Page title is 'Search - My Store'.</msg>
<status status="PASS" starttime="20200301 11:38:53.976" endtime="20200301 11:38:53.979"></status>
</kw>
<kw name="Page Should Contain Link" library="SeleniumLibrary">
<doc>Verifies link identified by ``locator`` is found from current page.</doc>
<arguments>
<arg>xpath=//*[@id="center_column"]//a[@class="product-name"][contains(text(),"${PRODUTO}")]</arg>
</arguments>
<msg timestamp="20200301 11:38:53.997" level="INFO">Current page contains link 'xpath=//*[@id="center_column"]//a[@class="product-name"][contains(text(),"Faded Short Sleeve T-shirts")]'.</msg>
<status status="PASS" starttime="20200301 11:38:53.980" endtime="20200301 11:38:53.997"></status>
</kw>
<status status="PASS" starttime="20200301 11:38:53.940" endtime="20200301 11:38:53.997"></status>
</kw>
<status status="PASS" starttime="20200301 11:38:53.939" endtime="20200301 11:38:53.997"></status>
</kw>
<kw name="E ao clicar no botão &quot;Add to cart&quot; do produto">
<kw name="Clicar no botão carrinho" library="Resource">
<kw name="Click Element" library="SeleniumLibrary">
<doc>Click the element identified by ``locator``.</doc>
<arguments>
<arg>xpath=//*[@id="center_column"]/ul/li/div/div[2]/div[2]/a[1]</arg>
</arguments>
<msg timestamp="20200301 11:38:53.998" level="INFO">Clicking element 'xpath=//*[@id="center_column"]/ul/li/div/div[2]/div[2]/a[1]'.</msg>
<status status="PASS" starttime="20200301 11:38:53.997" endtime="20200301 11:38:54.077"></status>
</kw>
<status status="PASS" starttime="20200301 11:38:53.997" endtime="20200301 11:38:54.077"></status>
</kw>
<status status="PASS" starttime="20200301 11:38:53.997" endtime="20200301 11:38:54.077"></status>
</kw>
<kw name="Então uma tela de confirmação deve ser exibida" library="Resource">
<kw name="Wait Until Element Is Visible" library="SeleniumLibrary">
<doc>Waits until the element ``locator`` is visible.</doc>
<arguments>
<arg>xpath=//*[@id="layer_cart"]/div[1]/div[2]/div[4]/a/span[contains(text(), "Proceed to checkout")]</arg>
</arguments>
<status status="PASS" starttime="20200301 11:38:54.078" endtime="20200301 11:38:55.155"></status>
</kw>
<kw name="Element Text Should Be" library="SeleniumLibrary">
<doc>Verifies that element ``locator`` contains exact the text ``expected``.</doc>
<arguments>
<arg>xpath=//*[@id="layer_cart"]/div[1]/div[2]/div[4]/a/span</arg>
<arg>Proceed to checkout</arg>
</arguments>
<msg timestamp="20200301 11:38:55.157" level="INFO">Verifying element 'xpath=//*[@id="layer_cart"]/div[1]/div[2]/div[4]/a/span' contains exact text 'Proceed to checkout'.</msg>
<status status="PASS" starttime="20200301 11:38:55.156" endtime="20200301 11:38:55.199"></status>
</kw>
<status status="PASS" starttime="20200301 11:38:54.078" endtime="20200301 11:38:55.199"></status>
</kw>
<kw name="Quando clicar no botão &quot;Proceed to checkout&quot;" library="Resource">
<kw name="Click Element" library="SeleniumLibrary">
<doc>Click the element identified by ``locator``.</doc>
<arguments>
<arg>xpath=//*[@id="layer_cart"]/div[1]/div[2]/div[4]/a</arg>
</arguments>
<msg timestamp="20200301 11:38:55.200" level="INFO">Clicking element 'xpath=//*[@id="layer_cart"]/div[1]/div[2]/div[4]/a'.</msg>
<status status="PASS" starttime="20200301 11:38:55.200" endtime="20200301 11:38:57.276"></status>
</kw>
<status status="PASS" starttime="20200301 11:38:55.199" endtime="20200301 11:38:57.276"></status>
</kw>
<kw name="Então a tela do carrinho de compras deve ser exibido, juntamente com os dados do produto adicionado e os devidos valores" library="Resource">
<kw name="Wait Until Element Is Visible" library="SeleniumLibrary">
<doc>Waits until the element ``locator`` is visible.</doc>
<arguments>
<arg>xpath=//*[@id="center_column"]/p[2]/a[1]/span</arg>
</arguments>
<status status="PASS" starttime="20200301 11:38:57.278" endtime="20200301 11:38:57.361"></status>
</kw>
<kw name="Element Text Should Be" library="SeleniumLibrary">
<doc>Verifies that element ``locator`` contains exact the text ``expected``.</doc>
<arguments>
<arg>class=heading-counter</arg>
<arg>Your shopping cart contains: 1 Product</arg>
</arguments>
<msg timestamp="20200301 11:38:57.361" level="INFO">Verifying element 'class=heading-counter' contains exact text 'Your shopping cart contains: 1 Product'.</msg>
<status status="PASS" starttime="20200301 11:38:57.361" endtime="20200301 11:38:57.393"></status>
</kw>
<kw name="Element Text Should Be" library="SeleniumLibrary">
<doc>Verifies that element ``locator`` contains exact the text ``expected``.</doc>
<arguments>
<arg>xpath=//*[@id="product_1_1_0_0"]/td[2]/p/a</arg>
<arg>Faded Short Sleeve T-shirts</arg>
</arguments>
<msg timestamp="20200301 11:38:57.394" level="INFO">Verifying element 'xpath=//*[@id="product_1_1_0_0"]/td[2]/p/a' contains exact text 'Faded Short Sleeve T-shirts'.</msg>
<status status="PASS" starttime="20200301 11:38:57.393" endtime="20200301 11:38:57.426"></status>
</kw>
<kw name="Element Text Should Be" library="SeleniumLibrary">
<doc>Verifies that element ``locator`` contains exact the text ``expected``.</doc>
<arguments>
<arg>id=total_price</arg>
<arg>$18.51</arg>
</arguments>
<msg timestamp="20200301 11:38:57.426" level="INFO">Verifying element 'id=total_price' contains exact text '$18.51'.</msg>
<status status="PASS" starttime="20200301 11:38:57.426" endtime="20200301 11:38:57.456"></status>
</kw>
<status status="PASS" starttime="20200301 11:38:57.277" endtime="20200301 11:38:57.456"></status>
</kw>
<status status="PASS" starttime="20200301 11:38:50.064" endtime="20200301 11:38:57.457" critical="yes"></status>
</test>
<test id="s1-s2-t5" name="Cenário 05: Remover Produtos">
<kw name="Dado que estou na página home do site">
<kw name="Acessar página home do site" library="Resource">
<kw name="Go To" library="SeleniumLibrary">
<doc>Navigates the current browser window to the provided ``url``.</doc>
<arguments>
<arg>${URL}</arg>
</arguments>
<msg timestamp="20200301 11:38:57.458" level="INFO">Opening url 'http://automationpractice.com'</msg>
<status status="PASS" starttime="20200301 11:38:57.458" endtime="20200301 11:38:59.233"></status>
</kw>
<kw name="Title Should Be" library="SeleniumLibrary">
<doc>Verifies that the current page title equals ``title``.</doc>
<arguments>
<arg>My Store</arg>
</arguments>
<msg timestamp="20200301 11:38:59.274" level="INFO">Page title is 'My Store'.</msg>
<status status="PASS" starttime="20200301 11:38:59.233" endtime="20200301 11:38:59.274"></status>
</kw>
<status status="PASS" starttime="20200301 11:38:57.458" endtime="20200301 11:38:59.274"></status>
</kw>
<status status="PASS" starttime="20200301 11:38:57.457" endtime="20200301 11:38:59.274"></status>
</kw>
<kw name="Quando clicar no ícone carrinho de compras no menu superior direito" library="Resource">
<kw name="Wait Until Element Is Visible" library="SeleniumLibrary">
<doc>Waits until the element ``locator`` is visible.</doc>
<arguments>
<arg>class=shopping_cart</arg>
</arguments>
<status status="PASS" starttime="20200301 11:38:59.275" endtime="20200301 11:38:59.302"></status>
</kw>
<kw name="Click Link" library="SeleniumLibrary">
<doc>Clicks a link identified by ``locator``.</doc>
<arguments>
<arg>xpath=//*[@id="header"]/div[3]/div/div/div[3]/div/a</arg>
</arguments>
<msg timestamp="20200301 11:38:59.302" level="INFO">Clicking link 'xpath=//*[@id="header"]/div[3]/div/div/div[3]/div/a'.</msg>
<status status="PASS" starttime="20200301 11:38:59.302" endtime="20200301 11:39:00.232"></status>
</kw>
<status status="PASS" starttime="20200301 11:38:59.275" endtime="20200301 11:39:00.232"></status>
</kw>
<kw name="E ao clicar no botão de remoção de produtos (delete) no produto do carrinho" library="Resource">
<kw name="Wait Until Element Is Visible" library="SeleniumLibrary">
<doc>Waits until the element ``locator`` is visible.</doc>
<arguments>
<arg>id=cart_title</arg>
</arguments>
<status status="PASS" starttime="20200301 11:39:00.233" endtime="20200301 11:39:00.260"></status>
</kw>
<kw name="Click Link" library="SeleniumLibrary">
<doc>Clicks a link identified by ``locator``.</doc>
<arguments>
<arg>xpath=//*[@id="1_1_0_0"]</arg>
</arguments>
<msg timestamp="20200301 11:39:00.261" level="INFO">Clicking link 'xpath=//*[@id="1_1_0_0"]'.</msg>
<status status="PASS" starttime="20200301 11:39:00.260" endtime="20200301 11:39:00.369"></status>
</kw>
<status status="PASS" starttime="20200301 11:39:00.233" endtime="20200301 11:39:00.370"></status>
</kw>
<kw name="Então o sistema deve exibir a mensagem &quot;Your shopping cart is empty.&quot;" library="Resource">
<kw name="Wait Until Element Is Visible" library="SeleniumLibrary">
<doc>Waits until the element ``locator`` is visible.</doc>
<arguments>
<arg>xpath=//*[@id="center_column"]/p</arg>
</arguments>
<status status="PASS" starttime="20200301 11:39:00.370" endtime="20200301 11:39:01.959"></status>
</kw>
<kw name="Element Text Should Be" library="SeleniumLibrary">
<doc>Verifies that element ``locator`` contains exact the text ``expected``.</doc>
<arguments>
<arg>xpath=//*[@id="center_column"]/p</arg>
<arg>${MSG}</arg>
</arguments>
<msg timestamp="20200301 11:39:01.960" level="INFO">Verifying element 'xpath=//*[@id="center_column"]/p' contains exact text 'Your shopping cart is empty.'.</msg>
<status status="PASS" starttime="20200301 11:39:01.959" endtime="20200301 11:39:01.985"></status>
</kw>
<status status="PASS" starttime="20200301 11:39:00.370" endtime="20200301 11:39:01.985"></status>
</kw>
<status status="PASS" starttime="20200301 11:38:57.457" endtime="20200301 11:39:01.985" critical="yes"></status>
</test>
<status status="PASS" starttime="20200301 11:38:34.215" endtime="20200301 11:39:01.986"></status>
</suite>
<status status="PASS" starttime="20200301 11:38:22.973" endtime="20200301 11:39:01.990"></status>
</suite>
<statistics>
<total>
<stat pass="7" fail="0">Critical Tests</stat>
<stat pass="7" fail="0">All Tests</stat>
</total>
<tag>
<stat pass="1" fail="0">prd_not_exit</stat>
<stat pass="1" fail="0">search_prd</stat>
</tag>
<suite>
<stat pass="7" fail="0" id="s1" name="Tests">Tests</stat>
<stat pass="2" fail="0" id="s1-s1" name="TestEcommerce">Tests.TestEcommerce</stat>
<stat pass="5" fail="0" id="s1-s2" name="TestEcommerceBDD">Tests.TestEcommerceBDD</stat>
</suite>
</statistics>
<errors>
</errors>
</robot>
