<?xml version="1.0" encoding="UTF-8"?>
<robot generator="Robot 3.1.2 (Python 3.7.5 on linux)" generated="20200301 18:47:21.792" rpa="false">
<suite id="s1" name="Tests" source="/home/fabiano/PycharmProjects/robotframework/tests">
<suite id="s1-s1" name="TestEcommerce" source="/home/fabiano/PycharmProjects/robotframework/tests/TestEcommerce.robot">
<kw name="Abrir navegador" library="Resource" type="setup">
<kw name="Open Browser" library="SeleniumLibrary">
<doc>Opens a new browser instance to the optional ``url``.</doc>
<arguments>
<arg>about:blank</arg>
<arg>${BROWSER}</arg>
</arguments>
<msg timestamp="20200301 18:47:21.905" level="INFO">Opening browser 'chrome' to base url 'about:blank'.</msg>
<status status="PASS" starttime="20200301 18:47:21.905" endtime="20200301 18:47:23.356"></status>
</kw>
<status status="PASS" starttime="20200301 18:47:21.905" endtime="20200301 18:47:23.356"></status>
</kw>
<test id="s1-s1-t1" name="Caso de Teste 01: Pesquisar produto existente">
<kw name="Acessar página home do site" library="Resource">
<kw name="Go To" library="SeleniumLibrary">
<doc>Navigates the current browser window to the provided ``url``.</doc>
<arguments>
<arg>${URL}</arg>
</arguments>
<msg timestamp="20200301 18:47:23.358" level="INFO">Opening url 'http://automationpractice.com'</msg>
<status status="PASS" starttime="20200301 18:47:23.357" endtime="20200301 18:47:28.199"></status>
</kw>
<kw name="Title Should Be" library="SeleniumLibrary">
<doc>Verifies that the current page title equals ``title``.</doc>
<arguments>
<arg>My Store</arg>
</arguments>
<msg timestamp="20200301 18:47:28.204" level="INFO">Page title is 'My Store'.</msg>
<status status="PASS" starttime="20200301 18:47:28.199" endtime="20200301 18:47:28.204"></status>
</kw>
<status status="PASS" starttime="20200301 18:47:23.357" endtime="20200301 18:47:28.205"></status>
</kw>
<kw name="Digitar o nome do produto &quot;Blouse&quot; no campo de pesquisar" library="Resource">
<kw name="Input Text" library="SeleniumLibrary">
<doc>Types the given ``text`` into the text field identified by ``locator``.</doc>
<arguments>
<arg>id=search_query_top</arg>
<arg>${PRODUTO}</arg>
</arguments>
<msg timestamp="20200301 18:47:28.205" level="INFO">Typing text 'Blouse' into text field 'id=search_query_top'.</msg>
<status status="PASS" starttime="20200301 18:47:28.205" endtime="20200301 18:47:28.315"></status>
</kw>
<status status="PASS" starttime="20200301 18:47:28.205" endtime="20200301 18:47:28.315"></status>
</kw>
<kw name="Clicar no botão &quot;submit_search&quot;" library="Resource">
<kw name="Click Element" library="SeleniumLibrary">
<doc>Click the element identified by ``locator``.</doc>
<arguments>
<arg>name=${NAME}</arg>
</arguments>
<msg timestamp="20200301 18:47:28.315" level="INFO">Clicking element 'name=submit_search'.</msg>
<status status="PASS" starttime="20200301 18:47:28.315" endtime="20200301 18:47:29.071"></status>
</kw>
<status status="PASS" starttime="20200301 18:47:28.315" endtime="20200301 18:47:29.072"></status>
</kw>
<kw name="Conferir se o produto &quot;Blouse&quot; foi listado no site" library="Resource">
<kw name="Wait Until Element Is Visible" library="SeleniumLibrary">
<doc>Waits until the element ``locator`` is visible.</doc>
<arguments>
<arg>css=#center_column &gt; h1</arg>
</arguments>
<status status="PASS" starttime="20200301 18:47:29.075" endtime="20200301 18:47:29.729"></status>
</kw>
<kw name="Title Should Be" library="SeleniumLibrary">
<doc>Verifies that the current page title equals ``title``.</doc>
<arguments>
<arg>Search - My Store</arg>
</arguments>
<msg timestamp="20200301 18:47:29.733" level="INFO">Page title is 'Search - My Store'.</msg>
<status status="PASS" starttime="20200301 18:47:29.729" endtime="20200301 18:47:29.733"></status>
</kw>
<kw name="Page Should Contain Link" library="SeleniumLibrary">
<doc>Verifies link identified by ``locator`` is found from current page.</doc>
<arguments>
<arg>xpath=//*[@id="center_column"]//a[@class="product-name"][contains(text(),"${PRODUTO}")]</arg>
</arguments>
<msg timestamp="20200301 18:47:29.749" level="INFO">Current page contains link 'xpath=//*[@id="center_column"]//a[@class="product-name"][contains(text(),"Blouse")]'.</msg>
<status status="PASS" starttime="20200301 18:47:29.733" endtime="20200301 18:47:29.750"></status>
</kw>
<status status="PASS" starttime="20200301 18:47:29.073" endtime="20200301 18:47:29.750"></status>
</kw>
<tags>
<tag>search_prd</tag>
</tags>
<status status="PASS" starttime="20200301 18:47:23.356" endtime="20200301 18:47:29.750" critical="yes"></status>
</test>
<test id="s1-s1-t2" name="Caso de Teste 02: Pesquisar produto não existente">
<kw name="Acessar página home do site" library="Resource">
<kw name="Go To" library="SeleniumLibrary">
<doc>Navigates the current browser window to the provided ``url``.</doc>
<arguments>
<arg>${URL}</arg>
</arguments>
<msg timestamp="20200301 18:47:29.751" level="INFO">Opening url 'http://automationpractice.com'</msg>
<status status="PASS" starttime="20200301 18:47:29.751" endtime="20200301 18:47:31.620"></status>
</kw>
<kw name="Title Should Be" library="SeleniumLibrary">
<doc>Verifies that the current page title equals ``title``.</doc>
<arguments>
<arg>My Store</arg>
</arguments>
<msg timestamp="20200301 18:47:31.648" level="INFO">Page title is 'My Store'.</msg>
<status status="PASS" starttime="20200301 18:47:31.620" endtime="20200301 18:47:31.649"></status>
</kw>
<status status="PASS" starttime="20200301 18:47:29.751" endtime="20200301 18:47:31.649"></status>
</kw>
<kw name="Digitar o nome do produto &quot;Produto não existe&quot; no campo de pesquisar" library="Resource">
<kw name="Input Text" library="SeleniumLibrary">
<doc>Types the given ``text`` into the text field identified by ``locator``.</doc>
<arguments>
<arg>id=search_query_top</arg>
<arg>${PRODUTO}</arg>
</arguments>
<msg timestamp="20200301 18:47:31.649" level="INFO">Typing text 'Produto não existe' into text field 'id=search_query_top'.</msg>
<status status="PASS" starttime="20200301 18:47:31.649" endtime="20200301 18:47:31.780"></status>
</kw>
<status status="PASS" starttime="20200301 18:47:31.649" endtime="20200301 18:47:31.780"></status>
</kw>
<kw name="Clicar no botão &quot;submit_search&quot;" library="Resource">
<kw name="Click Element" library="SeleniumLibrary">
<doc>Click the element identified by ``locator``.</doc>
<arguments>
<arg>name=${NAME}</arg>
</arguments>
<msg timestamp="20200301 18:47:31.780" level="INFO">Clicking element 'name=submit_search'.</msg>
<status status="PASS" starttime="20200301 18:47:31.780" endtime="20200301 18:47:33.103"></status>
</kw>
<status status="PASS" starttime="20200301 18:47:31.780" endtime="20200301 18:47:33.103"></status>
</kw>
<kw name="Conferir mensagem de erro &quot;No results were found for your search &quot;Produto não existe&quot;&quot;" library="Resource">
<kw name="Wait Until Element Is Visible" library="SeleniumLibrary">
<doc>Waits until the element ``locator`` is visible.</doc>
<arguments>
<arg>xpath=//*[@id="center_column"]/p[@class='alert alert-warning']</arg>
</arguments>
<status status="PASS" starttime="20200301 18:47:33.103" endtime="20200301 18:47:33.131"></status>
</kw>
<kw name="Element Text Should Be" library="SeleniumLibrary">
<doc>Verifies that element ``locator`` contains exact the text ``expected``.</doc>
<arguments>
<arg>xpath=//*[@id="center_column"]/p[@class='alert alert-warning']</arg>
<arg>${MENSAGEM_ALERTA}</arg>
</arguments>
<msg timestamp="20200301 18:47:33.131" level="INFO">Verifying element 'xpath=//*[@id="center_column"]/p[@class='alert alert-warning']' contains exact text 'No results were found for your search "Produto não existe"'.</msg>
<status status="PASS" starttime="20200301 18:47:33.131" endtime="20200301 18:47:33.152"></status>
</kw>
<kw name="Element Text Should Be" library="SeleniumLibrary">
<doc>Verifies that element ``locator`` contains exact the text ``expected``.</doc>
<arguments>
<arg>xpath=//*[@id="center_column"]/h1/span</arg>
<arg>0 results have been found.</arg>
</arguments>
<msg timestamp="20200301 18:47:33.152" level="INFO">Verifying element 'xpath=//*[@id="center_column"]/h1/span' contains exact text '0 results have been found.'.</msg>
<status status="PASS" starttime="20200301 18:47:33.152" endtime="20200301 18:47:33.177"></status>
</kw>
<status status="PASS" starttime="20200301 18:47:33.103" endtime="20200301 18:47:33.177"></status>
</kw>
<tags>
<tag>prd_not_exit</tag>
</tags>
<status status="PASS" starttime="20200301 18:47:29.750" endtime="20200301 18:47:33.177" critical="yes"></status>
</test>
<kw name="Fechar navegador" library="Resource" type="teardown">
<kw name="Close Browser" library="SeleniumLibrary">
<doc>Closes the current browser.</doc>
<status status="PASS" starttime="20200301 18:47:33.178" endtime="20200301 18:47:33.239"></status>
</kw>
<status status="PASS" starttime="20200301 18:47:33.178" endtime="20200301 18:47:33.239"></status>
</kw>
<status status="PASS" starttime="20200301 18:47:21.812" endtime="20200301 18:47:33.239"></status>
</suite>
<suite id="s1-s2" name="TestEcommerceBDD" source="/home/fabiano/PycharmProjects/robotframework/tests/TestEcommerceBDD.robot">
<kw name="Abrir navegador" library="Resource" type="setup">
<kw name="Open Browser" library="SeleniumLibrary">
<doc>Opens a new browser instance to the optional ``url``.</doc>
<arguments>
<arg>about:blank</arg>
<arg>${BROWSER}</arg>
</arguments>
<msg timestamp="20200301 18:47:33.510" level="INFO">Opening browser 'chrome' to base url 'about:blank'.</msg>
<status status="PASS" starttime="20200301 18:47:33.509" endtime="20200301 18:47:34.989"></status>
</kw>
<status status="PASS" starttime="20200301 18:47:33.508" endtime="20200301 18:47:34.989"></status>
</kw>
<test id="s1-s2-t1" name="Faker_profile">
<kw name="Address" library="FakerLibrary">
<doc>:example '791 Crist Parks, Sashabury, IL 86039-9874'</doc>
<assign>
<var>${address}</var>
</assign>
<msg timestamp="20200301 18:47:34.992" level="INFO">${address} = 05305 Marvin Road
Reesehaven, CT 56134</msg>
<status status="PASS" starttime="20200301 18:47:34.990" endtime="20200301 18:47:34.993"></status>
</kw>
<kw name="Country" library="FakerLibrary">
<assign>
<var>${country}</var>
</assign>
<msg timestamp="20200301 18:47:34.995" level="INFO">${country} = Vietnam</msg>
<status status="PASS" starttime="20200301 18:47:34.994" endtime="20200301 18:47:34.995"></status>
</kw>
<kw name="Email" library="FakerLibrary">
<assign>
<var>${EMAIL}</var>
</assign>
<msg timestamp="20200301 18:47:34.996" level="INFO">${EMAIL} = grossandrew@gmail.com</msg>
<status status="PASS" starttime="20200301 18:47:34.995" endtime="20200301 18:47:34.996"></status>
</kw>
<kw name="First Name" library="FakerLibrary">
<assign>
<var>${first_name}</var>
</assign>
<msg timestamp="20200301 18:47:34.996" level="INFO">${first_name} = Michael</msg>
<status status="PASS" starttime="20200301 18:47:34.996" endtime="20200301 18:47:34.996"></status>
</kw>
<kw name="Last Name" library="FakerLibrary">
<assign>
<var>${last_name}</var>
</assign>
<msg timestamp="20200301 18:47:34.997" level="INFO">${last_name} = White</msg>
<status status="PASS" starttime="20200301 18:47:34.996" endtime="20200301 18:47:34.997"></status>
</kw>
<kw name="Phone Number" library="FakerLibrary">
<assign>
<var>${phone_number}</var>
</assign>
<msg timestamp="20200301 18:47:34.997" level="INFO">${phone_number} = 999-867-7774x688</msg>
<status status="PASS" starttime="20200301 18:47:34.997" endtime="20200301 18:47:34.997"></status>
</kw>
<kw name="Catenate" library="BuiltIn">
<doc>Catenates the given items together and returns the resulted string.</doc>
<arguments>
<arg>${\n}=======================================</arg>
<arg>${\n}first_name: ${first_name}</arg>
<arg>${\n}last_name: ${last_name}</arg>
<arg>${\n}address: ${address}</arg>
<arg>${\n}country: ${country}</arg>
<arg>${\n}email: ${EMAIL}</arg>
<arg>${\n}phone_number: ${phone_number}</arg>
<arg>${\n}=======================================</arg>
</arguments>
<assign>
<var>${profile}</var>
</assign>
<msg timestamp="20200301 18:47:34.998" level="INFO">${profile} = 
======================================= 
first_name: Michael 
last_name: White 
address: 05305 Marvin Road
Reesehaven, CT 56134 
country: Vietnam 
email: grossandrew@gmail.com 
phone_number: 999-867-...</msg>
<status status="PASS" starttime="20200301 18:47:34.997" endtime="20200301 18:47:34.998"></status>
</kw>
<kw name="Log To Console" library="BuiltIn">
<doc>Logs the given message to the console.</doc>
<arguments>
<arg>${profile}</arg>
</arguments>
<status status="PASS" starttime="20200301 18:47:34.998" endtime="20200301 18:47:34.999"></status>
</kw>
<status status="PASS" starttime="20200301 18:47:34.989" endtime="20200301 18:47:35.000" critical="yes"></status>
</test>
<test id="s1-s2-t2" name="Cenario 01: Pesquisar produto existente">
<kw name="Dado que estou na página home do site">
<kw name="Acessar página home do site" library="Resource">
<kw name="Go To" library="SeleniumLibrary">
<doc>Navigates the current browser window to the provided ``url``.</doc>
<arguments>
<arg>${URL}</arg>
</arguments>
<msg timestamp="20200301 18:47:35.003" level="INFO">Opening url 'http://automationpractice.com'</msg>
<status status="PASS" starttime="20200301 18:47:35.002" endtime="20200301 18:47:39.785"></status>
</kw>
<kw name="Title Should Be" library="SeleniumLibrary">
<doc>Verifies that the current page title equals ``title``.</doc>
<arguments>
<arg>My Store</arg>
</arguments>
<msg timestamp="20200301 18:47:39.791" level="INFO">Page title is 'My Store'.</msg>
<status status="PASS" starttime="20200301 18:47:39.785" endtime="20200301 18:47:39.791"></status>
</kw>
<status status="PASS" starttime="20200301 18:47:35.002" endtime="20200301 18:47:39.791"></status>
</kw>
<status status="PASS" starttime="20200301 18:47:35.001" endtime="20200301 18:47:39.791"></status>
</kw>
<kw name="Quando eu pesquisar pelo produto &quot;Blouse&quot;">
<kw name="Digitar o nome do produto &quot;${PRODUTO}&quot; no campo de pesquisar" library="Resource">
<kw name="Input Text" library="SeleniumLibrary">
<doc>Types the given ``text`` into the text field identified by ``locator``.</doc>
<arguments>
<arg>id=search_query_top</arg>
<arg>${PRODUTO}</arg>
</arguments>
<msg timestamp="20200301 18:47:39.792" level="INFO">Typing text 'Blouse' into text field 'id=search_query_top'.</msg>
<status status="PASS" starttime="20200301 18:47:39.792" endtime="20200301 18:47:39.895"></status>
</kw>
<status status="PASS" starttime="20200301 18:47:39.792" endtime="20200301 18:47:39.896"></status>
</kw>
<kw name="Clicar no botão &quot;submit_search&quot;" library="Resource">
<kw name="Click Element" library="SeleniumLibrary">
<doc>Click the element identified by ``locator``.</doc>
<arguments>
<arg>name=${NAME}</arg>
</arguments>
<msg timestamp="20200301 18:47:39.896" level="INFO">Clicking element 'name=submit_search'.</msg>
<status status="PASS" starttime="20200301 18:47:39.896" endtime="20200301 18:47:40.728"></status>
</kw>
<status status="PASS" starttime="20200301 18:47:39.896" endtime="20200301 18:47:40.728"></status>
</kw>
<status status="PASS" starttime="20200301 18:47:39.791" endtime="20200301 18:47:40.728"></status>
</kw>
<kw name="Então o produto &quot;Blouse&quot; deve ser listado na página de resultado da busca">
<kw name="Conferir se o produto &quot;${PRODUTO}&quot; foi listado no site" library="Resource">
<kw name="Wait Until Element Is Visible" library="SeleniumLibrary">
<doc>Waits until the element ``locator`` is visible.</doc>
<arguments>
<arg>css=#center_column &gt; h1</arg>
</arguments>
<status status="PASS" starttime="20200301 18:47:40.729" endtime="20200301 18:47:41.326"></status>
</kw>
<kw name="Title Should Be" library="SeleniumLibrary">
<doc>Verifies that the current page title equals ``title``.</doc>
<arguments>
<arg>Search - My Store</arg>
</arguments>
<msg timestamp="20200301 18:47:41.329" level="INFO">Page title is 'Search - My Store'.</msg>
<status status="PASS" starttime="20200301 18:47:41.326" endtime="20200301 18:47:41.329"></status>
</kw>
<kw name="Page Should Contain Link" library="SeleniumLibrary">
<doc>Verifies link identified by ``locator`` is found from current page.</doc>
<arguments>
<arg>xpath=//*[@id="center_column"]//a[@class="product-name"][contains(text(),"${PRODUTO}")]</arg>
</arguments>
<msg timestamp="20200301 18:47:41.346" level="INFO">Current page contains link 'xpath=//*[@id="center_column"]//a[@class="product-name"][contains(text(),"Blouse")]'.</msg>
<status status="PASS" starttime="20200301 18:47:41.329" endtime="20200301 18:47:41.346"></status>
</kw>
<status status="PASS" starttime="20200301 18:47:40.728" endtime="20200301 18:47:41.346"></status>
</kw>
<status status="PASS" starttime="20200301 18:47:40.728" endtime="20200301 18:47:41.346"></status>
</kw>
<status status="PASS" starttime="20200301 18:47:35.000" endtime="20200301 18:47:41.346" critical="yes"></status>
</test>
<test id="s1-s2-t3" name="Cenário 02: Pesquisar produto não existente">
<kw name="Dado que estou na página home do site">
<kw name="Acessar página home do site" library="Resource">
<kw name="Go To" library="SeleniumLibrary">
<doc>Navigates the current browser window to the provided ``url``.</doc>
<arguments>
<arg>${URL}</arg>
</arguments>
<msg timestamp="20200301 18:47:41.348" level="INFO">Opening url 'http://automationpractice.com'</msg>
<status status="PASS" starttime="20200301 18:47:41.348" endtime="20200301 18:47:43.711"></status>
</kw>
<kw name="Title Should Be" library="SeleniumLibrary">
<doc>Verifies that the current page title equals ``title``.</doc>
<arguments>
<arg>My Store</arg>
</arguments>
<msg timestamp="20200301 18:47:43.747" level="INFO">Page title is 'My Store'.</msg>
<status status="PASS" starttime="20200301 18:47:43.712" endtime="20200301 18:47:43.747"></status>
</kw>
<status status="PASS" starttime="20200301 18:47:41.347" endtime="20200301 18:47:43.747"></status>
</kw>
<status status="PASS" starttime="20200301 18:47:41.347" endtime="20200301 18:47:43.747"></status>
</kw>
<kw name="Quando eu pesquisar pelo produto &quot;Produto não existe&quot;">
<kw name="Digitar o nome do produto &quot;${PRODUTO}&quot; no campo de pesquisar" library="Resource">
<kw name="Input Text" library="SeleniumLibrary">
<doc>Types the given ``text`` into the text field identified by ``locator``.</doc>
<arguments>
<arg>id=search_query_top</arg>
<arg>${PRODUTO}</arg>
</arguments>
<msg timestamp="20200301 18:47:43.750" level="INFO">Typing text 'Produto não existe' into text field 'id=search_query_top'.</msg>
<status status="PASS" starttime="20200301 18:47:43.749" endtime="20200301 18:47:43.896"></status>
</kw>
<status status="PASS" starttime="20200301 18:47:43.748" endtime="20200301 18:47:43.896"></status>
</kw>
<kw name="Clicar no botão &quot;submit_search&quot;" library="Resource">
<kw name="Click Element" library="SeleniumLibrary">
<doc>Click the element identified by ``locator``.</doc>
<arguments>
<arg>name=${NAME}</arg>
</arguments>
<msg timestamp="20200301 18:47:43.897" level="INFO">Clicking element 'name=submit_search'.</msg>
<status status="PASS" starttime="20200301 18:47:43.896" endtime="20200301 18:47:44.945"></status>
</kw>
<status status="PASS" starttime="20200301 18:47:43.896" endtime="20200301 18:47:44.945"></status>
</kw>
<status status="PASS" starttime="20200301 18:47:43.747" endtime="20200301 18:47:44.946"></status>
</kw>
<kw name="Então a página deve exibir a mensagem &quot;No results were found for your search &quot;Produto não existe&quot;&quot;">
<kw name="Conferir mensagem de erro &quot;${MENSAGEM_ALERTA}&quot;" library="Resource">
<kw name="Wait Until Element Is Visible" library="SeleniumLibrary">
<doc>Waits until the element ``locator`` is visible.</doc>
<arguments>
<arg>xpath=//*[@id="center_column"]/p[@class='alert alert-warning']</arg>
</arguments>
<status status="PASS" starttime="20200301 18:47:44.946" endtime="20200301 18:47:44.977"></status>
</kw>
<kw name="Element Text Should Be" library="SeleniumLibrary">
<doc>Verifies that element ``locator`` contains exact the text ``expected``.</doc>
<arguments>
<arg>xpath=//*[@id="center_column"]/p[@class='alert alert-warning']</arg>
<arg>${MENSAGEM_ALERTA}</arg>
</arguments>
<msg timestamp="20200301 18:47:44.977" level="INFO">Verifying element 'xpath=//*[@id="center_column"]/p[@class='alert alert-warning']' contains exact text 'No results were found for your search "Produto não existe"'.</msg>
<status status="PASS" starttime="20200301 18:47:44.977" endtime="20200301 18:47:44.999"></status>
</kw>
<kw name="Element Text Should Be" library="SeleniumLibrary">
<doc>Verifies that element ``locator`` contains exact the text ``expected``.</doc>
<arguments>
<arg>xpath=//*[@id="center_column"]/h1/span</arg>
<arg>0 results have been found.</arg>
</arguments>
<msg timestamp="20200301 18:47:45.000" level="INFO">Verifying element 'xpath=//*[@id="center_column"]/h1/span' contains exact text '0 results have been found.'.</msg>
<status status="PASS" starttime="20200301 18:47:45.000" endtime="20200301 18:47:45.024"></status>
</kw>
<status status="PASS" starttime="20200301 18:47:44.946" endtime="20200301 18:47:45.025"></status>
</kw>
<status status="PASS" starttime="20200301 18:47:44.946" endtime="20200301 18:47:45.025"></status>
</kw>
<status status="PASS" starttime="20200301 18:47:41.347" endtime="20200301 18:47:45.025" critical="yes"></status>
</test>
<test id="s1-s2-t4" name="Cenário 03: Listar Produtos">
<kw name="Dado que estou na página home do site">
<kw name="Acessar página home do site" library="Resource">
<kw name="Go To" library="SeleniumLibrary">
<doc>Navigates the current browser window to the provided ``url``.</doc>
<arguments>
<arg>${URL}</arg>
</arguments>
<msg timestamp="20200301 18:47:45.026" level="INFO">Opening url 'http://automationpractice.com'</msg>
<status status="PASS" starttime="20200301 18:47:45.026" endtime="20200301 18:47:46.853"></status>
</kw>
<kw name="Title Should Be" library="SeleniumLibrary">
<doc>Verifies that the current page title equals ``title``.</doc>
<arguments>
<arg>My Store</arg>
</arguments>
<msg timestamp="20200301 18:47:46.884" level="INFO">Page title is 'My Store'.</msg>
<status status="PASS" starttime="20200301 18:47:46.854" endtime="20200301 18:47:46.884"></status>
</kw>
<status status="PASS" starttime="20200301 18:47:45.026" endtime="20200301 18:47:46.884"></status>
</kw>
<status status="PASS" starttime="20200301 18:47:45.026" endtime="20200301 18:47:46.884"></status>
</kw>
<kw name="Quando passar o mouse na categoria &quot;WOMEN&quot;" library="Resource">
<kw name="Wait Until Element Is Visible" library="SeleniumLibrary">
<doc>Waits until the element ``locator`` is visible.</doc>
<arguments>
<arg>xpath=//*[@id="block_top_menu"]/ul//a[contains(text(),"Women")]</arg>
</arguments>
<status status="PASS" starttime="20200301 18:47:46.885" endtime="20200301 18:47:46.912"></status>
</kw>
<kw name="Set Focus To Element" library="SeleniumLibrary">
<doc>Sets the focus to the element identified by ``locator``.</doc>
<arguments>
<arg>xpath=//*[@id="block_top_menu"]/ul//a[contains(text(),"Women")]</arg>
</arguments>
<status status="PASS" starttime="20200301 18:47:46.912" endtime="20200301 18:47:46.934"></status>
</kw>
<kw name="Element Text Should Be" library="SeleniumLibrary">
<doc>Verifies that element ``locator`` contains exact the text ``expected``.</doc>
<arguments>
<arg>xpath=//*[@id="block_top_menu"]/ul//a[contains(text(),"Women")]</arg>
<arg>${CATEGORIA}</arg>
</arguments>
<msg timestamp="20200301 18:47:46.934" level="INFO">Verifying element 'xpath=//*[@id="block_top_menu"]/ul//a[contains(text(),"Women")]' contains exact text 'WOMEN'.</msg>
<status status="PASS" starttime="20200301 18:47:46.934" endtime="20200301 18:47:46.957"></status>
</kw>
<status status="PASS" starttime="20200301 18:47:46.884" endtime="20200301 18:47:46.958"></status>
</kw>
<kw name="Então as sub categorias devem ser exibidas" library="Resource">
<kw name="Wait Until Element Is Visible" library="SeleniumLibrary">
<doc>Waits until the element ``locator`` is visible.</doc>
<arguments>
<arg>xpath=//*[@id="block_top_menu"]/ul//a[contains(text(),"Women")]</arg>
</arguments>
<status status="PASS" starttime="20200301 18:47:46.958" endtime="20200301 18:47:46.982"></status>
</kw>
<kw name="Element Should Be Visible" library="SeleniumLibrary">
<doc>Verifies that the element identified by ``locator`` is visible.</doc>
<arguments>
<arg>xpath=//*[@id="block_top_menu"]/ul/li[1]/ul//a[contains(text(), "Tops")]</arg>
</arguments>
<msg timestamp="20200301 18:47:47.008" level="INFO">Element 'xpath=//*[@id="block_top_menu"]/ul/li[1]/ul//a[contains(text(), "Tops")]' is displayed.</msg>
<status status="PASS" starttime="20200301 18:47:46.982" endtime="20200301 18:47:47.008"></status>
</kw>
<status status="PASS" starttime="20200301 18:47:46.958" endtime="20200301 18:47:47.008"></status>
</kw>
<kw name="Quando clicar na sub categoria &quot;Summer Dresses&quot;" library="Resource">
<kw name="Wait Until Element Is Visible" library="SeleniumLibrary">
<doc>Waits until the element ``locator`` is visible.</doc>
<arguments>
<arg>xpath=//*[@id="block_top_menu"]/ul/li[1]/ul//a[contains(text(), "Tops")]</arg>
</arguments>
<status status="PASS" starttime="20200301 18:47:47.009" endtime="20200301 18:47:47.035"></status>
</kw>
<kw name="Click Link" library="SeleniumLibrary">
<doc>Clicks a link identified by ``locator``.</doc>
<arguments>
<arg>xpath=//*[@id="block_top_menu"]/ul/li[1]/ul/li[2]/ul/li[3]/a[contains(text(),"${SUB_CATEGORIA}")]</arg>
</arguments>
<msg timestamp="20200301 18:47:47.036" level="INFO">Clicking link 'xpath=//*[@id="block_top_menu"]/ul/li[1]/ul/li[2]/ul/li[3]/a[contains(text(),"Summer Dresses")]'.</msg>
<status status="PASS" starttime="20200301 18:47:47.036" endtime="20200301 18:47:49.642"></status>
</kw>
<status status="PASS" starttime="20200301 18:47:47.008" endtime="20200301 18:47:49.642"></status>
</kw>
<kw name="Então uma página com os produtos da sub categoria &quot;Summer Dresses&quot; deve ser exibida" library="Resource">
<kw name="Element Text Should Be" library="SeleniumLibrary">
<doc>Verifies that element ``locator`` contains exact the text ``expected``.</doc>
<arguments>
<arg>class=category-name</arg>
<arg>Summer Dresses</arg>
</arguments>
<msg timestamp="20200301 18:47:49.643" level="INFO">Verifying element 'class=category-name' contains exact text 'Summer Dresses'.</msg>
<status status="PASS" starttime="20200301 18:47:49.643" endtime="20200301 18:47:49.673"></status>
</kw>
<status status="PASS" starttime="20200301 18:47:49.642" endtime="20200301 18:47:49.673"></status>
</kw>
<status status="PASS" starttime="20200301 18:47:45.025" endtime="20200301 18:47:49.674" critical="yes"></status>
</test>
<test id="s1-s2-t5" name="Cenário 04: Adicionar Produtos no Carrinho">
<kw name="Dado que estou na página home do site">
<kw name="Acessar página home do site" library="Resource">
<kw name="Go To" library="SeleniumLibrary">
<doc>Navigates the current browser window to the provided ``url``.</doc>
<arguments>
<arg>${URL}</arg>
</arguments>
<msg timestamp="20200301 18:47:49.675" level="INFO">Opening url 'http://automationpractice.com'</msg>
<status status="PASS" starttime="20200301 18:47:49.675" endtime="20200301 18:47:51.794"></status>
</kw>
<kw name="Title Should Be" library="SeleniumLibrary">
<doc>Verifies that the current page title equals ``title``.</doc>
<arguments>
<arg>My Store</arg>
</arguments>
<msg timestamp="20200301 18:47:51.822" level="INFO">Page title is 'My Store'.</msg>
<status status="PASS" starttime="20200301 18:47:51.794" endtime="20200301 18:47:51.823"></status>
</kw>
<status status="PASS" starttime="20200301 18:47:49.675" endtime="20200301 18:47:51.823"></status>
</kw>
<status status="PASS" starttime="20200301 18:47:49.675" endtime="20200301 18:47:51.823"></status>
</kw>
<kw name="Quando eu pesquisar pelo produto &quot;t-shirt&quot;">
<kw name="Digitar o nome do produto &quot;${PRODUTO}&quot; no campo de pesquisar" library="Resource">
<kw name="Input Text" library="SeleniumLibrary">
<doc>Types the given ``text`` into the text field identified by ``locator``.</doc>
<arguments>
<arg>id=search_query_top</arg>
<arg>${PRODUTO}</arg>
</arguments>
<msg timestamp="20200301 18:47:51.824" level="INFO">Typing text 't-shirt' into text field 'id=search_query_top'.</msg>
<status status="PASS" starttime="20200301 18:47:51.824" endtime="20200301 18:47:51.923"></status>
</kw>
<status status="PASS" starttime="20200301 18:47:51.823" endtime="20200301 18:47:51.924"></status>
</kw>
<kw name="Clicar no botão &quot;submit_search&quot;" library="Resource">
<kw name="Click Element" library="SeleniumLibrary">
<doc>Click the element identified by ``locator``.</doc>
<arguments>
<arg>name=${NAME}</arg>
</arguments>
<msg timestamp="20200301 18:47:51.924" level="INFO">Clicking element 'name=submit_search'.</msg>
<status status="PASS" starttime="20200301 18:47:51.924" endtime="20200301 18:47:53.497"></status>
</kw>
<status status="PASS" starttime="20200301 18:47:51.924" endtime="20200301 18:47:53.498"></status>
</kw>
<status status="PASS" starttime="20200301 18:47:51.823" endtime="20200301 18:47:53.498"></status>
</kw>
<kw name="Então o produto &quot;Faded Short Sleeve T-shirts&quot; deve ser listado na página de resultado da busca">
<kw name="Conferir se o produto &quot;${PRODUTO}&quot; foi listado no site" library="Resource">
<kw name="Wait Until Element Is Visible" library="SeleniumLibrary">
<doc>Waits until the element ``locator`` is visible.</doc>
<arguments>
<arg>css=#center_column &gt; h1</arg>
</arguments>
<status status="PASS" starttime="20200301 18:47:53.498" endtime="20200301 18:47:53.523"></status>
</kw>
<kw name="Title Should Be" library="SeleniumLibrary">
<doc>Verifies that the current page title equals ``title``.</doc>
<arguments>
<arg>Search - My Store</arg>
</arguments>
<msg timestamp="20200301 18:47:53.527" level="INFO">Page title is 'Search - My Store'.</msg>
<status status="PASS" starttime="20200301 18:47:53.523" endtime="20200301 18:47:53.527"></status>
</kw>
<kw name="Page Should Contain Link" library="SeleniumLibrary">
<doc>Verifies link identified by ``locator`` is found from current page.</doc>
<arguments>
<arg>xpath=//*[@id="center_column"]//a[@class="product-name"][contains(text(),"${PRODUTO}")]</arg>
</arguments>
<msg timestamp="20200301 18:47:53.542" level="INFO">Current page contains link 'xpath=//*[@id="center_column"]//a[@class="product-name"][contains(text(),"Faded Short Sleeve T-shirts")]'.</msg>
<status status="PASS" starttime="20200301 18:47:53.527" endtime="20200301 18:47:53.542"></status>
</kw>
<status status="PASS" starttime="20200301 18:47:53.498" endtime="20200301 18:47:53.542"></status>
</kw>
<status status="PASS" starttime="20200301 18:47:53.498" endtime="20200301 18:47:53.542"></status>
</kw>
<kw name="E ao clicar no botão &quot;Add to cart&quot; do produto">
<kw name="Clicar no botão carrinho" library="Resource">
<kw name="Click Element" library="SeleniumLibrary">
<doc>Click the element identified by ``locator``.</doc>
<arguments>
<arg>xpath=//*[@id="center_column"]/ul/li/div/div[2]/div[2]/a[1]</arg>
</arguments>
<msg timestamp="20200301 18:47:53.543" level="INFO">Clicking element 'xpath=//*[@id="center_column"]/ul/li/div/div[2]/div[2]/a[1]'.</msg>
<status status="PASS" starttime="20200301 18:47:53.543" endtime="20200301 18:47:53.609"></status>
</kw>
<status status="PASS" starttime="20200301 18:47:53.542" endtime="20200301 18:47:53.609"></status>
</kw>
<status status="PASS" starttime="20200301 18:47:53.542" endtime="20200301 18:47:53.609"></status>
</kw>
<kw name="Então uma tela de confirmação deve ser exibida" library="Resource">
<kw name="Wait Until Element Is Visible" library="SeleniumLibrary">
<doc>Waits until the element ``locator`` is visible.</doc>
<arguments>
<arg>xpath=//*[@id="layer_cart"]/div[1]/div[2]/div[4]/a/span[contains(text(), "Proceed to checkout")]</arg>
</arguments>
<status status="PASS" starttime="20200301 18:47:53.610" endtime="20200301 18:47:54.630"></status>
</kw>
<kw name="Element Text Should Be" library="SeleniumLibrary">
<doc>Verifies that element ``locator`` contains exact the text ``expected``.</doc>
<arguments>
<arg>xpath=//*[@id="layer_cart"]/div[1]/div[2]/div[4]/a/span</arg>
<arg>Proceed to checkout</arg>
</arguments>
<msg timestamp="20200301 18:47:54.631" level="INFO">Verifying element 'xpath=//*[@id="layer_cart"]/div[1]/div[2]/div[4]/a/span' contains exact text 'Proceed to checkout'.</msg>
<status status="PASS" starttime="20200301 18:47:54.630" endtime="20200301 18:47:54.661"></status>
</kw>
<status status="PASS" starttime="20200301 18:47:53.609" endtime="20200301 18:47:54.661"></status>
</kw>
<kw name="Quando clicar no botão &quot;Proceed to checkout&quot;" library="Resource">
<kw name="Click Element" library="SeleniumLibrary">
<doc>Click the element identified by ``locator``.</doc>
<arguments>
<arg>xpath=//*[@id="layer_cart"]/div[1]/div[2]/div[4]/a</arg>
</arguments>
<msg timestamp="20200301 18:47:54.662" level="INFO">Clicking element 'xpath=//*[@id="layer_cart"]/div[1]/div[2]/div[4]/a'.</msg>
<status status="PASS" starttime="20200301 18:47:54.662" endtime="20200301 18:47:56.391"></status>
</kw>
<status status="PASS" starttime="20200301 18:47:54.662" endtime="20200301 18:47:56.391"></status>
</kw>
<kw name="Então a tela do carrinho de compras deve ser exibido, juntamente com os dados do produto adicionado e os devidos valores" library="Resource">
<kw name="Wait Until Element Is Visible" library="SeleniumLibrary">
<doc>Waits until the element ``locator`` is visible.</doc>
<arguments>
<arg>xpath=//*[@id="center_column"]/p[2]/a[1]/span</arg>
</arguments>
<status status="PASS" starttime="20200301 18:47:56.395" endtime="20200301 18:47:56.473"></status>
</kw>
<kw name="Element Text Should Be" library="SeleniumLibrary">
<doc>Verifies that element ``locator`` contains exact the text ``expected``.</doc>
<arguments>
<arg>class=heading-counter</arg>
<arg>Your shopping cart contains: 1 Product</arg>
</arguments>
<msg timestamp="20200301 18:47:56.479" level="INFO">Verifying element 'class=heading-counter' contains exact text 'Your shopping cart contains: 1 Product'.</msg>
<status status="PASS" starttime="20200301 18:47:56.473" endtime="20200301 18:47:56.511"></status>
</kw>
<kw name="Element Text Should Be" library="SeleniumLibrary">
<doc>Verifies that element ``locator`` contains exact the text ``expected``.</doc>
<arguments>
<arg>xpath=//*[@id="product_1_1_0_0"]/td[2]/p/a</arg>
<arg>Faded Short Sleeve T-shirts</arg>
</arguments>
<msg timestamp="20200301 18:47:56.511" level="INFO">Verifying element 'xpath=//*[@id="product_1_1_0_0"]/td[2]/p/a' contains exact text 'Faded Short Sleeve T-shirts'.</msg>
<status status="PASS" starttime="20200301 18:47:56.511" endtime="20200301 18:47:56.541"></status>
</kw>
<kw name="Element Text Should Be" library="SeleniumLibrary">
<doc>Verifies that element ``locator`` contains exact the text ``expected``.</doc>
<arguments>
<arg>id=total_price</arg>
<arg>$18.51</arg>
</arguments>
<msg timestamp="20200301 18:47:56.541" level="INFO">Verifying element 'id=total_price' contains exact text '$18.51'.</msg>
<status status="PASS" starttime="20200301 18:47:56.541" endtime="20200301 18:47:56.565"></status>
</kw>
<status status="PASS" starttime="20200301 18:47:56.392" endtime="20200301 18:47:56.565"></status>
</kw>
<status status="PASS" starttime="20200301 18:47:49.674" endtime="20200301 18:47:56.565" critical="yes"></status>
</test>
<test id="s1-s2-t6" name="Cenário 05: Remover Produtos">
<kw name="Dado que estou na página home do site">
<kw name="Acessar página home do site" library="Resource">
<kw name="Go To" library="SeleniumLibrary">
<doc>Navigates the current browser window to the provided ``url``.</doc>
<arguments>
<arg>${URL}</arg>
</arguments>
<msg timestamp="20200301 18:47:56.566" level="INFO">Opening url 'http://automationpractice.com'</msg>
<status status="PASS" starttime="20200301 18:47:56.566" endtime="20200301 18:47:58.583"></status>
</kw>
<kw name="Title Should Be" library="SeleniumLibrary">
<doc>Verifies that the current page title equals ``title``.</doc>
<arguments>
<arg>My Store</arg>
</arguments>
<msg timestamp="20200301 18:47:58.611" level="INFO">Page title is 'My Store'.</msg>
<status status="PASS" starttime="20200301 18:47:58.583" endtime="20200301 18:47:58.611"></status>
</kw>
<status status="PASS" starttime="20200301 18:47:56.566" endtime="20200301 18:47:58.611"></status>
</kw>
<status status="PASS" starttime="20200301 18:47:56.566" endtime="20200301 18:47:58.611"></status>
</kw>
<kw name="Quando clicar no ícone carrinho de compras no menu superior direito" library="Resource">
<kw name="Wait Until Element Is Visible" library="SeleniumLibrary">
<doc>Waits until the element ``locator`` is visible.</doc>
<arguments>
<arg>class=shopping_cart</arg>
</arguments>
<status status="PASS" starttime="20200301 18:47:58.611" endtime="20200301 18:47:58.637"></status>
</kw>
<kw name="Click Link" library="SeleniumLibrary">
<doc>Clicks a link identified by ``locator``.</doc>
<arguments>
<arg>xpath=//*[@id="header"]/div[3]/div/div/div[3]/div/a</arg>
</arguments>
<msg timestamp="20200301 18:47:58.637" level="INFO">Clicking link 'xpath=//*[@id="header"]/div[3]/div/div/div[3]/div/a'.</msg>
<status status="PASS" starttime="20200301 18:47:58.637" endtime="20200301 18:47:59.729"></status>
</kw>
<status status="PASS" starttime="20200301 18:47:58.611" endtime="20200301 18:47:59.729"></status>
</kw>
<kw name="E ao clicar no botão de remoção de produtos (delete) no produto do carrinho" library="Resource">
<kw name="Wait Until Element Is Visible" library="SeleniumLibrary">
<doc>Waits until the element ``locator`` is visible.</doc>
<arguments>
<arg>id=cart_title</arg>
</arguments>
<status status="PASS" starttime="20200301 18:47:59.730" endtime="20200301 18:47:59.779"></status>
</kw>
<kw name="Click Link" library="SeleniumLibrary">
<doc>Clicks a link identified by ``locator``.</doc>
<arguments>
<arg>xpath=//*[@id="1_1_0_0"]</arg>
</arguments>
<msg timestamp="20200301 18:47:59.779" level="INFO">Clicking link 'xpath=//*[@id="1_1_0_0"]'.</msg>
<status status="PASS" starttime="20200301 18:47:59.779" endtime="20200301 18:47:59.845"></status>
</kw>
<status status="PASS" starttime="20200301 18:47:59.729" endtime="20200301 18:47:59.845"></status>
</kw>
<kw name="Então o sistema deve exibir a mensagem &quot;Your shopping cart is empty.&quot;" library="Resource">
<kw name="Wait Until Element Is Visible" library="SeleniumLibrary">
<doc>Waits until the element ``locator`` is visible.</doc>
<arguments>
<arg>xpath=//*[@id="center_column"]/p</arg>
</arguments>
<status status="PASS" starttime="20200301 18:47:59.846" endtime="20200301 18:48:01.228"></status>
</kw>
<kw name="Element Text Should Be" library="SeleniumLibrary">
<doc>Verifies that element ``locator`` contains exact the text ``expected``.</doc>
<arguments>
<arg>xpath=//*[@id="center_column"]/p</arg>
<arg>${MSG}</arg>
</arguments>
<msg timestamp="20200301 18:48:01.228" level="INFO">Verifying element 'xpath=//*[@id="center_column"]/p' contains exact text 'Your shopping cart is empty.'.</msg>
<status status="PASS" starttime="20200301 18:48:01.228" endtime="20200301 18:48:01.251"></status>
</kw>
<status status="PASS" starttime="20200301 18:47:59.845" endtime="20200301 18:48:01.251"></status>
</kw>
<status status="PASS" starttime="20200301 18:47:56.565" endtime="20200301 18:48:01.251" critical="yes"></status>
</test>
<test id="s1-s2-t7" name="Cenário 06: Adicionar Cliente">
<kw name="Dado que estou na página home do site">
<kw name="Acessar página home do site" library="Resource">
<kw name="Go To" library="SeleniumLibrary">
<doc>Navigates the current browser window to the provided ``url``.</doc>
<arguments>
<arg>${URL}</arg>
</arguments>
<msg timestamp="20200301 18:48:01.252" level="INFO">Opening url 'http://automationpractice.com'</msg>
<status status="PASS" starttime="20200301 18:48:01.252" endtime="20200301 18:48:03.032"></status>
</kw>
<kw name="Title Should Be" library="SeleniumLibrary">
<doc>Verifies that the current page title equals ``title``.</doc>
<arguments>
<arg>My Store</arg>
</arguments>
<msg timestamp="20200301 18:48:03.063" level="INFO">Page title is 'My Store'.</msg>
<status status="PASS" starttime="20200301 18:48:03.032" endtime="20200301 18:48:03.063"></status>
</kw>
<status status="PASS" starttime="20200301 18:48:01.252" endtime="20200301 18:48:03.063"></status>
</kw>
<status status="PASS" starttime="20200301 18:48:01.251" endtime="20200301 18:48:03.063"></status>
</kw>
<kw name="Quando clicar no botão superior direito “Sign in”" library="Resource">
<kw name="Click Element" library="SeleniumLibrary">
<doc>Click the element identified by ``locator``.</doc>
<arguments>
<arg>xpath=//*[@id="header"]/div[2]/div/div/nav/div[1]/a</arg>
</arguments>
<msg timestamp="20200301 18:48:03.064" level="INFO">Clicking element 'xpath=//*[@id="header"]/div[2]/div/div/nav/div[1]/a'.</msg>
<status status="PASS" starttime="20200301 18:48:03.064" endtime="20200301 18:48:05.274"></status>
</kw>
<status status="PASS" starttime="20200301 18:48:03.063" endtime="20200301 18:48:05.274"></status>
</kw>
<kw name="Email" library="FakerLibrary">
<assign>
<var>${EMAIL}</var>
</assign>
<msg timestamp="20200301 18:48:05.275" level="INFO">${EMAIL} = ramirezdaniel@wilson.com</msg>
<status status="PASS" starttime="20200301 18:48:05.274" endtime="20200301 18:48:05.275"></status>
</kw>
<kw name="Log To Console" library="BuiltIn">
<doc>Logs the given message to the console.</doc>
<arguments>
<arg>${EMAIL}</arg>
</arguments>
<status status="PASS" starttime="20200301 18:48:05.276" endtime="20200301 18:48:05.276"></status>
</kw>
<kw name="E inserir um email &quot;${EMAIL}&quot; válido" library="Resource">
<kw name="Wait Until Element Is Visible" library="SeleniumLibrary">
<doc>Waits until the element ``locator`` is visible.</doc>
<arguments>
<arg>id=email_create</arg>
</arguments>
<status status="PASS" starttime="20200301 18:48:05.277" endtime="20200301 18:48:05.312"></status>
</kw>
<kw name="Input Text" library="SeleniumLibrary">
<doc>Types the given ``text`` into the text field identified by ``locator``.</doc>
<arguments>
<arg>id=email_create</arg>
<arg>${EMAIL}</arg>
</arguments>
<msg timestamp="20200301 18:48:05.312" level="INFO">Typing text 'ramirezdaniel@wilson.com' into text field 'id=email_create'.</msg>
<status status="PASS" starttime="20200301 18:48:05.312" endtime="20200301 18:48:05.455"></status>
</kw>
<status status="PASS" starttime="20200301 18:48:05.276" endtime="20200301 18:48:05.456"></status>
</kw>
<kw name="E ao clicar no botão &quot;Create na account&quot;" library="Resource">
<kw name="Click Element" library="SeleniumLibrary">
<doc>Click the element identified by ``locator``.</doc>
<arguments>
<arg>id=SubmitCreate</arg>
</arguments>
<msg timestamp="20200301 18:48:05.456" level="INFO">Clicking element 'id=SubmitCreate'.</msg>
<status status="PASS" starttime="20200301 18:48:05.456" endtime="20200301 18:48:05.565"></status>
</kw>
<status status="PASS" starttime="20200301 18:48:05.456" endtime="20200301 18:48:05.565"></status>
</kw>
<kw name="City" library="FakerLibrary">
<doc>:example 'Sashabury'</doc>
<assign>
<var>${CITY}</var>
</assign>
<msg timestamp="20200301 18:48:05.565" level="INFO">${CITY} = North Gregg</msg>
<status status="PASS" starttime="20200301 18:48:05.565" endtime="20200301 18:48:05.565"></status>
</kw>
<kw name="Zipcode" library="FakerLibrary">
<assign>
<var>${ZIPCODE}</var>
</assign>
<msg timestamp="20200301 18:48:05.566" level="INFO">${ZIPCODE} = 00916</msg>
<status status="PASS" starttime="20200301 18:48:05.565" endtime="20200301 18:48:05.566"></status>
</kw>
<kw name="E preencher os campos obrigatórios &quot;${CITY}&quot;, &quot;${ZIPCODE}&quot;" library="Resource">
<kw name="Wait Until Element Is Visible" library="SeleniumLibrary">
<doc>Waits until the element ``locator`` is visible.</doc>
<arguments>
<arg>id=submitAccount</arg>
</arguments>
<status status="PASS" starttime="20200301 18:48:05.566" endtime="20200301 18:48:07.241"></status>
</kw>
<kw name="Input Text" library="SeleniumLibrary">
<doc>Types the given ``text`` into the text field identified by ``locator``.</doc>
<arguments>
<arg>id=customer_firstname</arg>
<arg>John</arg>
</arguments>
<msg timestamp="20200301 18:48:07.242" level="INFO">Typing text 'John' into text field 'id=customer_firstname'.</msg>
<status status="PASS" starttime="20200301 18:48:07.242" endtime="20200301 18:48:07.391"></status>
</kw>
<kw name="Input Text" library="SeleniumLibrary">
<doc>Types the given ``text`` into the text field identified by ``locator``.</doc>
<arguments>
<arg>id=customer_lastname</arg>
<arg>Wick</arg>
</arguments>
<msg timestamp="20200301 18:48:07.391" level="INFO">Typing text 'Wick' into text field 'id=customer_lastname'.</msg>
<status status="PASS" starttime="20200301 18:48:07.391" endtime="20200301 18:48:07.570"></status>
</kw>
<kw name="Input Text" library="SeleniumLibrary">
<doc>Types the given ``text`` into the text field identified by ``locator``.</doc>
<arguments>
<arg>id=passwd</arg>
<arg>!3#d!@Gddwd12*dsfDD</arg>
</arguments>
<msg timestamp="20200301 18:48:07.571" level="INFO">Typing text '!3#d!@Gddwd12*dsfDD' into text field 'id=passwd'.</msg>
<status status="PASS" starttime="20200301 18:48:07.570" endtime="20200301 18:48:07.858"></status>
</kw>
<kw name="Input Text" library="SeleniumLibrary">
<doc>Types the given ``text`` into the text field identified by ``locator``.</doc>
<arguments>
<arg>id=address1</arg>
<arg>Street Show, 20</arg>
</arguments>
<msg timestamp="20200301 18:48:07.859" level="INFO">Typing text 'Street Show, 20' into text field 'id=address1'.</msg>
<status status="PASS" starttime="20200301 18:48:07.858" endtime="20200301 18:48:08.039"></status>
</kw>
<kw name="Input Text" library="SeleniumLibrary">
<doc>Types the given ``text`` into the text field identified by ``locator``.</doc>
<arguments>
<arg>id=city</arg>
<arg>${CITY}</arg>
</arguments>
<msg timestamp="20200301 18:48:08.040" level="INFO">Typing text 'North Gregg' into text field 'id=city'.</msg>
<status status="PASS" starttime="20200301 18:48:08.039" endtime="20200301 18:48:08.200"></status>
</kw>
<kw name="Input Text" library="SeleniumLibrary">
<doc>Types the given ``text`` into the text field identified by ``locator``.</doc>
<arguments>
<arg>id=postcode</arg>
<arg>${ZIPCODE}</arg>
</arguments>
<msg timestamp="20200301 18:48:08.200" level="INFO">Typing text '00916' into text field 'id=postcode'.</msg>
<status status="PASS" starttime="20200301 18:48:08.200" endtime="20200301 18:48:08.331"></status>
</kw>
<kw name="Click Element" library="SeleniumLibrary">
<doc>Click the element identified by ``locator``.</doc>
<arguments>
<arg>xpath=//*[@id="id_state"]/option[2]</arg>
</arguments>
<msg timestamp="20200301 18:48:08.331" level="INFO">Clicking element 'xpath=//*[@id="id_state"]/option[2]'.</msg>
<status status="PASS" starttime="20200301 18:48:08.331" endtime="20200301 18:48:08.398"></status>
</kw>
<kw name="Input Text" library="SeleniumLibrary">
<doc>Types the given ``text`` into the text field identified by ``locator``.</doc>
<arguments>
<arg>id=phone_mobile</arg>
<arg>99999 9999 9999</arg>
</arguments>
<msg timestamp="20200301 18:48:08.399" level="INFO">Typing text '99999 9999 9999' into text field 'id=phone_mobile'.</msg>
<status status="PASS" starttime="20200301 18:48:08.398" endtime="20200301 18:48:08.567"></status>
</kw>
<kw name="Input Text" library="SeleniumLibrary">
<doc>Types the given ``text`` into the text field identified by ``locator``.</doc>
<arguments>
<arg>id=alias</arg>
<arg>Cs06</arg>
</arguments>
<msg timestamp="20200301 18:48:08.567" level="INFO">Typing text 'Cs06' into text field 'id=alias'.</msg>
<status status="PASS" starttime="20200301 18:48:08.567" endtime="20200301 18:48:08.702"></status>
</kw>
<kw name="Input Text" library="SeleniumLibrary">
<doc>Types the given ``text`` into the text field identified by ``locator``.</doc>
<arguments>
<arg>id=other</arg>
<arg>bla</arg>
</arguments>
<msg timestamp="20200301 18:48:08.702" level="INFO">Typing text 'bla' into text field 'id=other'.</msg>
<status status="PASS" starttime="20200301 18:48:08.702" endtime="20200301 18:48:08.811"></status>
</kw>
<status status="PASS" starttime="20200301 18:48:05.566" endtime="20200301 18:48:08.811"></status>
</kw>
<kw name="E clicar em &quot;Register&quot; para finalizar o cadastro" library="Resource">
<kw name="Click Element" library="SeleniumLibrary">
<doc>Click the element identified by ``locator``.</doc>
<arguments>
<arg>id=submitAccount</arg>
</arguments>
<msg timestamp="20200301 18:48:08.812" level="INFO">Clicking element 'id=submitAccount'.</msg>
<status status="PASS" starttime="20200301 18:48:08.812" endtime="20200301 18:48:10.750"></status>
</kw>
<status status="PASS" starttime="20200301 18:48:08.811" endtime="20200301 18:48:10.750"></status>
</kw>
<kw name="Então a página de gerenciamento da conta deve ser exibida" library="Resource">
<kw name="Element Text Should Be" library="SeleniumLibrary">
<doc>Verifies that element ``locator`` contains exact the text ``expected``.</doc>
<arguments>
<arg>class=page-heading</arg>
<arg>MY ACCOUNT</arg>
</arguments>
<msg timestamp="20200301 18:48:10.751" level="INFO">Verifying element 'class=page-heading' contains exact text 'MY ACCOUNT'.</msg>
<status status="PASS" starttime="20200301 18:48:10.751" endtime="20200301 18:48:10.801"></status>
</kw>
<kw name="Element Text Should Be" library="SeleniumLibrary">
<doc>Verifies that element ``locator`` contains exact the text ``expected``.</doc>
<arguments>
<arg>xpath=//*[@id="center_column"]/div/div[1]/ul/li[1]/a/span</arg>
<arg>ORDER HISTORY AND DETAILS</arg>
</arguments>
<msg timestamp="20200301 18:48:10.801" level="INFO">Verifying element 'xpath=//*[@id="center_column"]/div/div[1]/ul/li[1]/a/span' contains exact text 'ORDER HISTORY AND DETAILS'.</msg>
<status status="PASS" starttime="20200301 18:48:10.801" endtime="20200301 18:48:10.829"></status>
</kw>
<kw name="Element Text Should Be" library="SeleniumLibrary">
<doc>Verifies that element ``locator`` contains exact the text ``expected``.</doc>
<arguments>
<arg>xpath=//*[@id="center_column"]/div/div[1]/ul/li[4]/a/span</arg>
<arg>MY PERSONAL INFORMATION</arg>
</arguments>
<msg timestamp="20200301 18:48:10.830" level="INFO">Verifying element 'xpath=//*[@id="center_column"]/div/div[1]/ul/li[4]/a/span' contains exact text 'MY PERSONAL INFORMATION'.</msg>
<status status="PASS" starttime="20200301 18:48:10.829" endtime="20200301 18:48:10.855"></status>
</kw>
<status status="PASS" starttime="20200301 18:48:10.750" endtime="20200301 18:48:10.855"></status>
</kw>
<status status="PASS" starttime="20200301 18:48:01.251" endtime="20200301 18:48:10.855" critical="yes"></status>
</test>
<kw name="Fechar navegador" library="Resource" type="teardown">
<kw name="Close Browser" library="SeleniumLibrary">
<doc>Closes the current browser.</doc>
<status status="PASS" starttime="20200301 18:48:10.856" endtime="20200301 18:48:10.917"></status>
</kw>
<status status="PASS" starttime="20200301 18:48:10.856" endtime="20200301 18:48:10.917"></status>
</kw>
<status status="PASS" starttime="20200301 18:47:33.240" endtime="20200301 18:48:10.918"></status>
</suite>
<status status="PASS" starttime="20200301 18:47:21.793" endtime="20200301 18:48:10.925"></status>
</suite>
<statistics>
<total>
<stat pass="9" fail="0">Critical Tests</stat>
<stat pass="9" fail="0">All Tests</stat>
</total>
<tag>
<stat pass="1" fail="0">prd_not_exit</stat>
<stat pass="1" fail="0">search_prd</stat>
</tag>
<suite>
<stat pass="9" fail="0" id="s1" name="Tests">Tests</stat>
<stat pass="2" fail="0" id="s1-s1" name="TestEcommerce">Tests.TestEcommerce</stat>
<stat pass="7" fail="0" id="s1-s2" name="TestEcommerceBDD">Tests.TestEcommerceBDD</stat>
</suite>
</statistics>
<errors>
</errors>
</robot>
